<?xml version="1.0" encoding="UTF-8"?>
<testng-results skipped="0" failed="0" ignored="0" total="1" passed="1">
  <reporter-output>
  </reporter-output>
  <suite name="Default suite" duration-ms="20941" started-at="2021-10-19T18:12:11 CEST" finished-at="2021-10-19T18:12:32 CEST">
    <groups>
    </groups>
    <test name="Default test" duration-ms="20941" started-at="2021-10-19T18:12:11 CEST" finished-at="2021-10-19T18:12:32 CEST">
      <class name="tests.MealItemTest">
        <test-method status="PASS" signature="beforeMethod()[pri:0, instance:tests.MealItemTest@33f88ab]" name="beforeMethod" is-config="true" duration-ms="2629" started-at="2021-10-19T18:12:11 CEST" finished-at="2021-10-19T18:12:13 CEST">
          <reporter-output>
          </reporter-output>
        </test-method> <!-- beforeMethod -->
        <test-method status="PASS" signature="addMealToFavoriteTest()[pri:0, instance:tests.MealItemTest@33f88ab]" name="addMealToFavoriteTest" duration-ms="17478" started-at="2021-10-19T18:12:13 CEST" finished-at="2021-10-19T18:12:31 CEST">
          <reporter-output>
          </reporter-output>
        </test-method> <!-- addMealToFavoriteTest -->
        <test-method status="PASS" signature="afterMethod()[pri:0, instance:tests.MealItemTest@33f88ab]" name="afterMethod" is-config="true" duration-ms="776" started-at="2021-10-19T18:12:31 CEST" finished-at="2021-10-19T18:12:32 CEST">
          <reporter-output>
          </reporter-output>
        </test-method> <!-- afterMethod -->
      </class> <!-- tests.MealItemTest -->
    </test> <!-- Default test -->
  </suite> <!-- Default suite -->
</testng-results>
